<?xml version="1.0" encoding="utf-8"?><testsuites name="pytest tests"><testsuite name="pytest" errors="0" failures="0" skipped="0" tests="12" time="2.367" timestamp="2026-06-21T03:43:27.719297+00:00" hostname="agent-env-e7df44d6-1d31-41ad-a108-3e064af5a945"><testcase classname="backend.tests.backend_test" name="test_login_success" time="0.230" /><testcase classname="backend.tests.backend_test" name="test_login_wrong_password" time="0.108" /><testcase classname="backend.tests.backend_test" name="test_verify_requires_auth" time="0.142" /><testcase classname="backend.tests.backend_test" name="test_verify_ok" time="0.262" /><testcase classname="backend.tests.backend_test" name="test_get_cabins" time="0.089" /><testcase classname="backend.tests.backend_test" name="test_list_bookings_no_auth" time="0.107" /><testcase classname="backend.tests.backend_test" name="test_create_booking_no_auth" time="0.104" /><testcase classname="backend.tests.backend_test" name="test_booking_crud_flow" time="0.687" /><testcase classname="backend.tests.backend_test" name="test_create_invalid_cabin" time="0.097" /><testcase classname="backend.tests.backend_test" name="test_create_invalid_dates" time="0.189" /><testcase classname="backend.tests.backend_test" name="test_update_not_found" time="0.105" /><testcase classname="backend.tests.backend_test" name="test_delete_not_found" time="0.096" /></testsuite></testsuites>